<?xml version="1.0" encoding="UTF-8"?>
<!-- Generated by org.testng.reporters.JUnitReportReporter -->
<testsuite hostname="slt-ptc-19" failures="0" tests="1" name="pl.luxoft.selenium.FirstSeleniumTest" time="9.742" errors="0" timestamp="04 Oct 2019 13:46:15 GMT" skipped="0">
  <testcase classname="pl.luxoft.selenium.FirstSeleniumTest" name="searchResultPageTitleContainSeachedText" time="9.742"/>
</testsuite> <!-- pl.luxoft.selenium.FirstSeleniumTest -->
